#
# There is insufficient memory for the Java Runtime Environment to continue.
# Native memory allocation (malloc) failed to allocate 32744 bytes for ChunkPool::allocate
# Possible reasons:
#   The system is out of physical RAM or swap space
#   The process is running with CompressedOops enabled, and the Java Heap may be blocking the growth of the native heap
# Possible solutions:
#   Reduce memory load on the system
#   Increase physical memory or swap space
#   Check if swap backing store is full
#   Decrease Java heap size (-Xmx/-Xms)
#   Decrease number of Java threads
#   Decrease Java thread stack sizes (-Xss)
#   Set larger code cache with -XX:ReservedCodeCacheSize=
#   JVM is running with Unscaled Compressed Oops mode in which the Java heap is
#     placed in the first 4GB address space. The Java Heap base address is the
#     maximum limit for the native heap growth. Please use -XX:HeapBaseMinAddress
#     to set the Java Heap base and to place the Java Heap above 4GB virtual address.
# This output file may be truncated or incomplete.
#
#  Out of Memory Error (allocation.cpp:272), pid=5308, tid=0x0000000000000df4
#
# JRE version: OpenJDK Runtime Environment (8.0_242-b01) (build 1.8.0_242-release-1644-b01)
# Java VM: OpenJDK 64-Bit Server VM (25.242-b01 mixed mode windows-amd64 compressed oops)
# Failed to write core dump. Minidumps are not enabled by default on client versions of Windows
#

---------------  T H R E A D  ---------------

Current thread (0x0000000019abd000):  JavaThread "Daemon worker" [_thread_in_vm, id=3572, stack(0x000000001c570000,0x000000001c670000)]

Stack: [0x000000001c570000,0x000000001c670000]
[error occurred during error reporting (printing stack bounds), id 0xc0000005]

Native frames: (J=compiled Java code, j=interpreted, Vv=VM code, C=native code)

Java frames: (J=compiled Java code, j=interpreted, Vv=VM code)
J 415  java.lang.ClassLoader.findLoadedClass0(Ljava/lang/String;)Ljava/lang/Class; (0 bytes) @ 0x00000000023773cf [0x0000000002377380+0x4f]
J 3245 C2 java.lang.ClassLoader.loadClass(Ljava/lang/String;Z)Ljava/lang/Class; (122 bytes) @ 0x0000000002c13048 [0x0000000002c12e00+0x248]
J 2263 C2 java.lang.ClassLoader.loadClass(Ljava/lang/String;)Ljava/lang/Class; (7 bytes) @ 0x0000000002912200 [0x00000000029121c0+0x40]
v  ~StubRoutines::call_stub
j  com.android.utils.concurrency.ReadWriteThreadLock.<init>(Ljava/lang/Object;)V+36
j  com.android.build.gradle.internal.testing.ConnectedDeviceProvider.<init>(Ljava/util/function/Supplier;ILcom/android/utils/ILogger;)V+14
j  com.android.build.gradle.internal.testing.ConnectedDeviceProvider.<init>(Lorg/gradle/api/provider/Provider;ILcom/android/utils/ILogger;)V+9
j  com.android.build.gradle.internal.TaskManager.createConnectedTestForVariant(Lcom/android/build/api/component/impl/AndroidTestPropertiesImpl;)V+197
j  com.android.build.gradle.internal.TaskManager.createAndroidTestVariantTasks(Lcom/android/build/api/component/impl/AndroidTestPropertiesImpl;)V+165
j  com.android.build.gradle.internal.TaskManager.createTasksForTest(Lcom/android/build/gradle/internal/variant/ComponentInfo;)V+209
j  com.android.build.gradle.internal.TaskManager.createTasks()V+115
j  com.android.build.gradle.internal.plugins.BasePlugin.createAndroidTasks()V+383
j  com.android.build.gradle.internal.plugins.BasePlugin$$Lambda$344.call()V+4
j  com.android.builder.profile.ThreadRecorder.record(Lcom/google/wireless/android/sdk/stats/GradleBuildProfileSpan$ExecutionType;Ljava/lang/String;Ljava/lang/String;Lcom/android/builder/profile/Recorder$VoidBlock;)V+17
j  com.android.build.gradle.internal.plugins.BasePlugin.lambda$createTasks$10(Lorg/gradle/api/Project;)V+33
j  com.android.build.gradle.internal.plugins.BasePlugin$$Lambda$342.accept(Ljava/lang/Object;)V+8
j  com.android.build.gradle.internal.crash.CrashReporting$afterEvaluate$1.execute(Lorg/gradle/api/Project;)V+12
j  com.android.build.gradle.internal.crash.CrashReporting$afterEvaluate$1.execute(Ljava/lang/Object;)V+5
j  org.gradle.configuration.internal.DefaultListenerBuildOperationDecorator$BuildOperationEmittingAction$1.lambda$run$0(Ljava/lang/Object;)V+8
j  org.gradle.configuration.internal.DefaultListenerBuildOperationDecorator$BuildOperationEmittingAction$1$$Lambda$343.run()V+8
j  org.gradle.configuration.internal.DefaultUserCodeApplicationContext.reapply(Lorg/gradle/configuration/internal/UserCodeApplicationId;Ljava/lang/Runnable;)V+19
j  org.gradle.configuration.internal.DefaultListenerBuildOperationDecorator$BuildOperationEmittingAction$1.run(Lorg/gradle/internal/operations/BuildOperationContext;)V+27
J 4313 C1 org.gradle.internal.operations.DefaultBuildOperationExecutor$RunnableBuildOperationWorker.execute(Lorg/gradle/internal/operations/BuildOperation;Lorg/gradle/internal/operations/BuildOperationContext;)V (10 bytes) @ 0x0000000002eb7ea4 [0x0000000002eb7c40+0x264]
j  org.gradle.internal.operations.DefaultBuildOperationExecutor$1.execute(Lorg/gradle/internal/operations/BuildOperationDescriptor;Lorg/gradle/internal/operations/DefaultBuildOperationExecutor$DefaultBuildOperationContext;Lorg/gradle/internal/operations/DefaultBuildOperationExecutor$BuildOperationExecutionListener;)Lorg/gradle/internal/operations/BuildOperation;+18
j  org.gradle.internal.operations.DefaultBuildOperationExecutor.execute(Lorg/gradle/internal/operations/BuildOperationDescriptor$Builder;Lorg/gradle/internal/operations/DefaultBuildOperationExecutor$BuildOperationState;Lorg/gradle/internal/operations/DefaultBuildOperationExecutor$BuildOperationExecution;)Lorg/gradle/internal/operations/BuildOperation;+105
J 4295 C1 org.gradle.internal.operations.DefaultBuildOperationExecutor.execute(Lorg/gradle/internal/operations/BuildOperation;Lorg/gradle/internal/operations/BuildOperationWorker;Lorg/gradle/internal/operations/DefaultBuildOperationExecutor$BuildOperationState;)V (27 bytes) @ 0x0000000002eb3454 [0x0000000002eb31e0+0x274]
j  org.gradle.internal.operations.DefaultBuildOperationExecutor.run(Lorg/gradle/internal/operations/RunnableBuildOperation;)V+10
j  org.gradle.configuration.internal.DefaultListenerBuildOperationDecorator$BuildOperationEmittingAction.execute(Ljava/lang/Object;)V+24
j  org.gradle.internal.event.BroadcastDispatch$ActionInvocationHandler.dispatch(Lorg/gradle/internal/dispatch/MethodInvocation;)V+27
j  org.gradle.internal.event.BroadcastDispatch$ActionInvocationHandler.dispatch(Ljava/lang/Object;)V+5
J 1363 C1 org.gradle.internal.event.AbstractBroadcastDispatch.dispatch(Lorg/gradle/internal/dispatch/MethodInvocation;Lorg/gradle/internal/dispatch/Dispatch;)V (53 bytes) @ 0x000000000264d0fc [0x000000000264cfe0+0x11c]
J 1247 C1 org.gradle.internal.event.BroadcastDispatch$SingletonDispatch.dispatch(Ljava/lang/Object;)V (9 bytes) @ 0x000000000260c334 [0x000000000260c100+0x234]
J 2452 C1 org.gradle.internal.event.AbstractBroadcastDispatch.dispatch(Lorg/gradle/internal/dispatch/MethodInvocation;Ljava/util/Iterator;)V (191 bytes) @ 0x0000000002ab09a4 [0x0000000002ab05e0+0x3c4]
j  org.gradle.internal.event.BroadcastDispatch$CompositeDispatch.dispatch(Lorg/gradle/internal/dispatch/MethodInvocation;)V+11
j  org.gradle.internal.event.BroadcastDispatch$CompositeDispatch.dispatch(Ljava/lang/Object;)V+5
j  org.gradle.internal.event.ListenerBroadcast.dispatch(Lorg/gradle/internal/dispatch/MethodInvocation;)V+5
j  org.gradle.internal.event.ListenerBroadcast.dispatch(Ljava/lang/Object;)V+5
J 3717 C1 org.gradle.internal.dispatch.ProxyDispatchAdapter$DispatchingInvocationHandler.invoke(Ljava/lang/Object;Ljava/lang/reflect/Method;[Ljava/lang/Object;)Ljava/lang/Object; (184 bytes) @ 0x0000000002d5d254 [0x0000000002d5bf40+0x1314]
j  com.sun.proxy.$Proxy34.afterEvaluate(Lorg/gradle/api/Project;Lorg/gradle/api/ProjectState;)V+20
j  org.gradle.configuration.project.LifecycleProjectEvaluator$NotifyAfterEvaluate$1.execute(Lorg/gradle/api/ProjectEvaluationListener;)V+15
j  org.gradle.configuration.project.LifecycleProjectEvaluator$NotifyAfterEvaluate$1.execute(Ljava/lang/Object;)V+5
j  org.gradle.api.internal.project.DefaultProject.stepEvaluationListener(Lorg/gradle/api/ProjectEvaluationListener;Lorg/gradle/api/Action;)Lorg/gradle/api/ProjectEvaluationListener;+19
j  org.gradle.configuration.project.LifecycleProjectEvaluator$NotifyAfterEvaluate.run(Lorg/gradle/internal/operations/BuildOperationContext;)V+25
J 4313 C1 org.gradle.internal.operations.DefaultBuildOperationExecutor$RunnableBuildOperationWorker.execute(Lorg/gradle/internal/operations/BuildOperation;Lorg/gradle/internal/operations/BuildOperationContext;)V (10 bytes) @ 0x0000000002eb7ea4 [0x0000000002eb7c40+0x264]
j  org.gradle.internal.operations.DefaultBuildOperationExecutor$1.execute(Lorg/gradle/internal/operations/BuildOperationDescriptor;Lorg/gradle/internal/operations/DefaultBuildOperationExecutor$DefaultBuildOperationContext;Lorg/gradle/internal/operations/DefaultBuildOperationExecutor$BuildOperationExecutionListener;)Lorg/gradle/internal/operations/BuildOperation;+18
j  org.gradle.internal.operations.DefaultBuildOperationExecutor.execute(Lorg/gradle/internal/operations/BuildOperationDescriptor$Builder;Lorg/gradle/internal/operations/DefaultBuildOperationExecutor$BuildOperationState;Lorg/gradle/internal/operations/DefaultBuildOperationExecutor$BuildOperationExecution;)Lorg/gradle/internal/operations/BuildOperation;+105
J 4295 C1 org.gradle.internal.operations.DefaultBuildOperationExecutor.execute(Lorg/gradle/internal/operations/BuildOperation;Lorg/gradle/internal/operations/BuildOperationWorker;Lorg/gradle/internal/operations/DefaultBuildOperationExecutor$BuildOperationState;)V (27 bytes) @ 0x0000000002eb3454 [0x0000000002eb31e0+0x274]
j  org.gradle.internal.operations.DefaultBuildOperationExecutor.run(Lorg/gradle/internal/operations/RunnableBuildOperation;)V+10
j  org.gradle.internal.operations.DelegatingBuildOperationExecutor.run(Lorg/gradle/internal/operations/RunnableBuildOperation;)V+5
j  org.gradle.configuration.project.LifecycleProjectEvaluator$EvaluateProject$1.run()V+141
j  org.gradle.internal.Factories$1.create()Ljava/lang/Object;+4
j  org.gradle.internal.work.DefaultWorkerLeaseService.withLocks(Ljava/lang/Iterable;Lorg/gradle/internal/Factory;)Ljava/lang/Object;+26
j  org.gradle.internal.work.StopShieldingWorkerLeaseService.withLocks(Ljava/lang/Iterable;Lorg/gradle/internal/Factory;)Ljava/lang/Object;+6
j  org.gradle.api.internal.project.DefaultProjectStateRegistry$ProjectStateImpl.withProjectLock(Lorg/gradle/internal/resources/ResourceLock;Lorg/gradle/internal/Factory;)Ljava/lang/Object;+12
j  org.gradle.api.internal.project.DefaultProjectStateRegistry$ProjectStateImpl.withMutableState(Lorg/gradle/internal/Factory;)Ljava/lang/Object;+134
j  org.gradle.api.internal.project.DefaultProjectStateRegistry$ProjectStateImpl.withMutableState(Ljava/lang/Runnable;)V+5
j  org.gradle.configuration.project.LifecycleProjectEvaluator$EvaluateProject.run(Lorg/gradle/internal/operations/BuildOperationContext;)V+18
j  org.gradle.internal.operations.DefaultBuildOperationExecutor$RunnableBuildOperationWorker.execute(Lorg/gradle/internal/operations/RunnableBuildOperation;Lorg/gradle/internal/operations/BuildOperationContext;)V+2
j  org.gradle.internal.operations.DefaultBuildOperationExecutor$RunnableBuildOperationWorker.execute(Lorg/gradle/internal/operations/BuildOperation;Lorg/gradle/internal/operations/BuildOperationContext;)V+6
j  org.gradle.internal.operations.DefaultBuildOperationExecutor$1.execute(Lorg/gradle/internal/operations/BuildOperationDescriptor;Lorg/gradle/internal/operations/DefaultBuildOperationExecutor$DefaultBuildOperationContext;Lorg/gradle/internal/operations/DefaultBuildOperationExecutor$BuildOperationExecutionListener;)Lorg/gradle/internal/operations/BuildOperation;+18
j  org.gradle.internal.operations.DefaultBuildOperationExecutor.execute(Lorg/gradle/internal/operations/BuildOperationDescriptor$Builder;Lorg/gradle/internal/operations/DefaultBuildOperationExecutor$BuildOperationState;Lorg/gradle/internal/operations/DefaultBuildOperationExecutor$BuildOperationExecution;)Lorg/gradle/internal/operations/BuildOperation;+105
j  org.gradle.internal.operations.DefaultBuildOperationExecutor.execute(Lorg/gradle/internal/operations/BuildOperation;Lorg/gradle/internal/operations/BuildOperationWorker;Lorg/gradle/internal/operations/DefaultBuildOperationExecutor$BuildOperationState;)V+22
j  org.gradle.internal.operations.DefaultBuildOperationExecutor.run(Lorg/gradle/internal/operations/RunnableBuildOperation;)V+10
j  org.gradle.internal.operations.DelegatingBuildOperationExecutor.run(Lorg/gradle/internal/operations/RunnableBuildOperation;)V+5
j  org.gradle.configuration.project.LifecycleProjectEvaluator.evaluate(Lorg/gradle/api/internal/project/ProjectInternal;Lorg/gradle/api/internal/project/ProjectStateInternal;)V+22
j  org.gradle.api.internal.project.DefaultProject.evaluate()Lorg/gradle/api/internal/project/DefaultProject;+9
j  org.gradle.api.internal.project.DefaultProject.evaluate()Lorg/gradle/api/Project;+1
j  org.gradle.execution.TaskPathProjectEvaluator.configure(Lorg/gradle/api/internal/project/ProjectInternal;)V+21
j  org.gradle.execution.TaskPathProjectEvaluator.configureHierarchy(Lorg/gradle/api/internal/project/ProjectInternal;)V+41
j  org.gradle.configuration.DefaultProjectsPreparer.prepareProjects(Lorg/gradle/api/internal/GradleInternal;)V+79
j  org.gradle.configuration.BuildOperatingFiringProjectsPreparer$ConfigureBuild.run(Lorg/gradle/internal/operations/BuildOperationContext;)V+11
j  org.gradle.internal.operations.DefaultBuildOperationExecutor$RunnableBuildOperationWorker.execute(Lorg/gradle/internal/operations/RunnableBuildOperation;Lorg/gradle/internal/operations/BuildOperationContext;)V+2
j  org.gradle.internal.operations.DefaultBuildOperationExecutor$RunnableBuildOperationWorker.execute(Lorg/gradle/internal/operations/BuildOperation;Lorg/gradle/internal/operations/BuildOperationContext;)V+6
j  org.gradle.internal.operations.DefaultBuildOperationExecutor$1.execute(Lorg/gradle/internal/operations/BuildOperationDescriptor;Lorg/gradle/internal/operations/DefaultBuildOperationExecutor$DefaultBuildOperationContext;Lorg/gradle/internal/operations/DefaultBuildOperationExecutor$BuildOperationExecutionListener;)Lorg/gradle/internal/operations/BuildOperation;+18
j  org.gradle.internal.operations.DefaultBuildOperationExecutor.execute(Lorg/gradle/internal/operations/BuildOperationDescriptor$Builder;Lorg/gradle/internal/operations/DefaultBuildOperationExecutor$BuildOperationState;Lorg/gradle/internal/operations/DefaultBuildOperationExecutor$BuildOperationExecution;)Lorg/gradle/internal/operations/BuildOperation;+105
j  org.gradle.internal.operations.DefaultBuildOperationExecutor.execute(Lorg/gradle/internal/operations/BuildOperation;Lorg/gradle/internal/operations/BuildOperationWorker;Lorg/gradle/internal/operations/DefaultBuildOperationExecutor$BuildOperationState;)V+22
j  org.gradle.internal.operations.DefaultBuildOperationExecutor.run(Lorg/gradle/internal/operations/RunnableBuildOperation;)V+10
j  org.gradle.internal.operations.DelegatingBuildOperationExecutor.run(Lorg/gradle/internal/operations/RunnableBuildOperation;)V+5
j  org.gradle.configuration.BuildOperatingFiringProjectsPreparer.prepareProjects(Lorg/gradle/api/internal/GradleInternal;)V+13
j  org.gradle.initialization.DefaultGradleLauncher.prepareProjects()V+40
j  org.gradle.initialization.DefaultGradleLauncher.doClassicBuildStages(Lorg/gradle/initialization/DefaultGradleLauncher$Stage;)V+29
j  org.gradle.initialization.DefaultGradleLauncher.doBuildStages(Lorg/gradle/initialization/DefaultGradleLauncher$Stage;)V+45
j  org.gradle.initialization.DefaultGradleLauncher.executeTasks()Lorg/gradle/api/internal/GradleInternal;+4
j  org.gradle.internal.invocation.GradleBuildController$$Lambda$54.execute(Ljava/lang/Object;)V+4
j  org.gradle.internal.invocation.GradleBuildController$1.create()Lorg/gradle/api/internal/GradleInternal;+31
j  org.gradle.internal.invocation.GradleBuildController$1.create()Ljava/lang/Object;+1
j  org.gradle.internal.work.DefaultWorkerLeaseService.withLocks(Ljava/lang/Iterable;Lorg/gradle/internal/Factory;)Ljava/lang/Object;+26
j  org.gradle.internal.work.StopShieldingWorkerLeaseService.withLocks(Ljava/lang/Iterable;Lorg/gradle/internal/Factory;)Ljava/lang/Object;+6
j  org.gradle.internal.invocation.GradleBuildController.doBuild(Lorg/gradle/api/internal/GradleInternal$BuildType;Lorg/gradle/api/Action;)Lorg/gradle/api/internal/GradleInternal;+26
j  org.gradle.internal.invocation.GradleBuildController.run()Lorg/gradle/api/internal/GradleInternal;+9
j  org.gradle.tooling.internal.provider.runner.BuildModelActionRunner.run(Lorg/gradle/internal/invocation/BuildAction;Lorg/gradle/internal/invocation/BuildController;)Lorg/gradle/internal/invocation/BuildActionRunner$Result;+78
j  org.gradle.launcher.exec.ChainingBuildActionRunner.run(Lorg/gradle/internal/invocation/BuildAction;Lorg/gradle/internal/invocation/BuildController;)Lorg/gradle/internal/invocation/BuildActionRunner$Result;+34
j  org.gradle.launcher.exec.ChainingBuildActionRunner.run(Lorg/gradle/internal/invocation/BuildAction;Lorg/gradle/internal/invocation/BuildController;)Lorg/gradle/internal/invocation/BuildActionRunner$Result;+34
j  org.gradle.launcher.exec.BuildOutcomeReportingBuildActionRunner.run(Lorg/gradle/internal/invocation/BuildAction;Lorg/gradle/internal/invocation/BuildController;)Lorg/gradle/internal/invocation/BuildActionRunner$Result;+143
j  org.gradle.tooling.internal.provider.ValidatingBuildActionRunner.run(Lorg/gradle/internal/invocation/BuildAction;Lorg/gradle/internal/invocation/BuildController;)Lorg/gradle/internal/invocation/BuildActionRunner$Result;+6
j  org.gradle.launcher.exec.BuildCompletionNotifyingBuildActionRunner.run(Lorg/gradle/internal/invocation/BuildAction;Lorg/gradle/internal/invocation/BuildController;)Lorg/gradle/internal/invocation/BuildActionRunner$Result;+28
j  org.gradle.launcher.exec.RunAsBuildOperationBuildActionRunner$3.call(Lorg/gradle/internal/operations/BuildOperationContext;)Lorg/gradle/internal/invocation/BuildActionRunner$Result;+95
j  org.gradle.launcher.exec.RunAsBuildOperationBuildActionRunner$3.call(Lorg/gradle/internal/operations/BuildOperationContext;)Ljava/lang/Object;+2
j  org.gradle.internal.operations.DefaultBuildOperationExecutor$CallableBuildOperationWorker.execute(Lorg/gradle/internal/operations/CallableBuildOperation;Lorg/gradle/internal/operations/BuildOperationContext;)V+3
j  org.gradle.internal.operations.DefaultBuildOperationExecutor$CallableBuildOperationWorker.execute(Lorg/gradle/internal/operations/BuildOperation;Lorg/gradle/internal/operations/BuildOperationContext;)V+6
j  org.gradle.internal.operations.DefaultBuildOperationExecutor$1.execute(Lorg/gradle/internal/operations/BuildOperationDescriptor;Lorg/gradle/internal/operations/DefaultBuildOperationExecutor$DefaultBuildOperationContext;Lorg/gradle/internal/operations/DefaultBuildOperationExecutor$BuildOperationExecutionListener;)Lorg/gradle/internal/operations/BuildOperation;+18
j  org.gradle.internal.operations.DefaultBuildOperationExecutor.execute(Lorg/gradle/internal/operations/BuildOperationDescriptor$Builder;Lorg/gradle/internal/operations/DefaultBuildOperationExecutor$BuildOperationState;Lorg/gradle/internal/operations/DefaultBuildOperationExecutor$BuildOperationExecution;)Lorg/gradle/internal/operations/BuildOperation;+105
j  org.gradle.internal.operations.DefaultBuildOperationExecutor.execute(Lorg/gradle/internal/operations/BuildOperation;Lorg/gradle/internal/operations/BuildOperationWorker;Lorg/gradle/internal/operations/DefaultBuildOperationExecutor$BuildOperationState;)V+22
j  org.gradle.internal.operations.DefaultBuildOperationExecutor.call(Lorg/gradle/internal/operations/CallableBuildOperation;)Ljava/lang/Object;+16
j  org.gradle.internal.operations.DelegatingBuildOperationExecutor.call(Lorg/gradle/internal/operations/CallableBuildOperation;)Ljava/lang/Object;+5
j  org.gradle.launcher.exec.RunAsBuildOperationBuildActionRunner.run(Lorg/gradle/internal/invocation/BuildAction;Lorg/gradle/internal/invocation/BuildController;)Lorg/gradle/internal/invocation/BuildActionRunner$Result;+33
j  org.gradle.launcher.exec.InProcessBuildActionExecuter$1.transform(Lorg/gradle/internal/invocation/BuildController;)Lorg/gradle/launcher/exec/BuildActionResult;+12
j  org.gradle.launcher.exec.InProcessBuildActionExecuter$1.transform(Ljava/lang/Object;)Ljava/lang/Object;+5
j  org.gradle.composite.internal.DefaultRootBuildState.run(Lorg/gradle/api/Transformer;)Ljava/lang/Object;+43
j  org.gradle.launcher.exec.InProcessBuildActionExecuter.execute(Lorg/gradle/internal/invocation/BuildAction;Lorg/gradle/initialization/BuildRequestContext;Lorg/gradle/launcher/exec/BuildActionParameters;Lorg/gradle/internal/service/ServiceRegistry;)Lorg/gradle/launcher/exec/BuildActionResult;+82
j  org.gradle.launcher.exec.InProcessBuildActionExecuter.execute(Lorg/gradle/internal/invocation/BuildAction;Lorg/gradle/initialization/BuildRequestContext;Ljava/lang/Object;Lorg/gradle/internal/service/ServiceRegistry;)Lorg/gradle/launcher/exec/BuildActionResult;+9
j  org.gradle.launcher.exec.BuildTreeScopeBuildActionExecuter.execute(Lorg/gradle/internal/invocation/BuildAction;Lorg/gradle/initialization/BuildRequestContext;Lorg/gradle/launcher/exec/BuildActionParameters;Lorg/gradle/internal/service/ServiceRegistry;)Lorg/gradle/launcher/exec/BuildActionResult;+38
j  org.gradle.launcher.exec.BuildTreeScopeBuildActionExecuter.execute(Lorg/gradle/internal/invocation/BuildAction;Lorg/gradle/initialization/BuildRequestContext;Ljava/lang/Object;Lorg/gradle/internal/service/ServiceRegistry;)Lorg/gradle/launcher/exec/BuildActionResult;+9
j  org.gradle.tooling.internal.provider.ContinuousBuildActionExecuter.execute(Lorg/gradle/internal/invocation/BuildAction;Lorg/gradle/initialization/BuildRequestContext;Lorg/gradle/launcher/exec/BuildActionParameters;Lorg/gradle/internal/service/ServiceRegistry;)Lorg/gradle/launcher/exec/BuildActionResult;+58
j  org.gradle.tooling.internal.provider.ContinuousBuildActionExecuter.execute(Lorg/gradle/internal/invocation/BuildAction;Lorg/gradle/initialization/BuildRequestContext;Ljava/lang/Object;Lorg/gradle/internal/service/ServiceRegistry;)Lorg/gradle/launcher/exec/BuildActionResult;+9
j  org.gradle.tooling.internal.provider.SubscribableBuildActionExecuter.execute(Lorg/gradle/internal/invocation/BuildAction;Lorg/gradle/initialization/BuildRequestContext;Lorg/gradle/launcher/exec/BuildActionParameters;Lorg/gradle/internal/service/ServiceRegistry;)Lorg/gradle/launcher/exec/BuildActionResult;+41
j  org.gradle.tooling.internal.provider.SubscribableBuildActionExecuter.execute(Lorg/gradle/internal/invocation/BuildAction;Lorg/gradle/initialization/BuildRequestContext;Ljava/lang/Object;Lorg/gradle/internal/service/ServiceRegistry;)Lorg/gradle/launcher/exec/BuildActionResult;+9
j  org.gradle.tooling.internal.provider.SessionScopeBuildActionExecuter.execute(Lorg/gradle/internal/invocation/BuildAction;Lorg/gradle/initialization/BuildRequestContext;Lorg/gradle/launcher/exec/BuildActionParameters;Lorg/gradle/internal/service/ServiceRegistry;)Lorg/gradle/launcher/exec/BuildActionResult;+117
j  org.gradle.tooling.internal.provider.SessionScopeBuildActionExecuter.execute(Lorg/gradle/internal/invocation/BuildAction;Lorg/gradle/initialization/BuildRequestContext;Ljava/lang/Object;Lorg/gradle/internal/service/ServiceRegistry;)Lorg/gradle/launcher/exec/BuildActionResult;+9
j  org.gradle.tooling.internal.provider.GradleThreadBuildActionExecuter.execute(Lorg/gradle/internal/invocation/BuildAction;Lorg/gradle/initialization/BuildRequestContext;Lorg/gradle/launcher/exec/BuildActionParameters;Lorg/gradle/internal/service/ServiceRegistry;)Lorg/gradle/launcher/exec/BuildActionResult;+12
j  org.gradle.tooling.internal.provider.GradleThreadBuildActionExecuter.execute(Lorg/gradle/internal/invocation/BuildAction;Lorg/gradle/initialization/BuildRequestContext;Ljava/lang/Object;Lorg/gradle/internal/service/ServiceRegistry;)Lorg/gradle/launcher/exec/BuildActionResult;+9
j  org.gradle.tooling.internal.provider.StartParamsValidatingActionExecuter.execute(Lorg/gradle/internal/invocation/BuildAction;Lorg/gradle/initialization/BuildRequestContext;Lorg/gradle/launcher/exec/BuildActionParameters;Lorg/gradle/internal/service/ServiceRegistry;)Lorg/gradle/launcher/exec/BuildActionResult;+177
j  org.gradle.tooling.internal.provider.StartParamsValidatingActionExecuter.execute(Lorg/gradle/internal/invocation/BuildAction;Lorg/gradle/initialization/BuildRequestContext;Ljava/lang/Object;Lorg/gradle/internal/service/ServiceRegistry;)Lorg/gradle/launcher/exec/BuildActionResult;+9
j  org.gradle.tooling.internal.provider.SessionFailureReportingActionExecuter.execute(Lorg/gradle/internal/invocation/BuildAction;Lorg/gradle/initialization/BuildRequestContext;Lorg/gradle/launcher/exec/BuildActionParameters;Lorg/gradle/internal/service/ServiceRegistry;)Lorg/gradle/launcher/exec/BuildActionResult;+9
j  org.gradle.tooling.internal.provider.SessionFailureReportingActionExecuter.execute(Lorg/gradle/internal/invocation/BuildAction;Lorg/gradle/initialization/BuildRequestContext;Ljava/lang/Object;Lorg/gradle/internal/service/ServiceRegistry;)Lorg/gradle/launcher/exec/BuildActionResult;+9
j  org.gradle.tooling.internal.provider.SetupLoggingActionExecuter.execute(Lorg/gradle/internal/invocation/BuildAction;Lorg/gradle/initialization/BuildRequestContext;Lorg/gradle/launcher/exec/BuildActionParameters;Lorg/gradle/internal/service/ServiceRegistry;)Lorg/gradle/launcher/exec/BuildActionResult;+52
j  org.gradle.tooling.internal.provider.SetupLoggingActionExecuter.execute(Lorg/gradle/internal/invocation/BuildAction;Lorg/gradle/initialization/BuildRequestContext;Ljava/lang/Object;Lorg/gradle/internal/service/ServiceRegistry;)Lorg/gradle/launcher/exec/BuildActionResult;+9
j  org.gradle.launcher.daemon.server.exec.ExecuteBuild.doBuild(Lorg/gradle/launcher/daemon/server/api/DaemonCommandExecution;Lorg/gradle/launcher/daemon/protocol/Build;)V+118
j  org.gradle.launcher.daemon.server.exec.BuildCommandOnly.execute(Lorg/gradle/launcher/daemon/server/api/DaemonCommandExecution;)V+49
j  org.gradle.launcher.daemon.server.api.DaemonCommandExecution.proceed()Z+23
j  org.gradle.launcher.daemon.server.exec.WatchForDisconnection.execute(Lorg/gradle/launcher/daemon/server/api/DaemonCommandExecution;)V+19
j  org.gradle.launcher.daemon.server.api.DaemonCommandExecution.proceed()Z+23
j  org.gradle.launcher.daemon.server.exec.ResetDeprecationLogger.execute(Lorg/gradle/launcher/daemon/server/api/DaemonCommandExecution;)V+7
j  org.gradle.launcher.daemon.server.api.DaemonCommandExecution.proceed()Z+23
j  org.gradle.launcher.daemon.server.exec.RequestStopIfSingleUsedDaemon.execute(Lorg/gradle/launcher/daemon/server/api/DaemonCommandExecution;)V+33
j  org.gradle.launcher.daemon.server.api.DaemonCommandExecution.proceed()Z+23
j  org.gradle.launcher.daemon.server.exec.ForwardClientInput$2.create()Ljava/lang/Void;+4
j  org.gradle.launcher.daemon.server.exec.ForwardClientInput$2.create()Ljava/lang/Object;+1
j  org.gradle.util.Swapper.swap(Ljava/lang/Object;Lorg/gradle/internal/Factory;)Ljava/lang/Object;+21
j  org.gradle.launcher.daemon.server.exec.ForwardClientInput.execute(Lorg/gradle/launcher/daemon/server/api/DaemonCommandExecution;)V+63
j  org.gradle.launcher.daemon.server.api.DaemonCommandExecution.proceed()Z+23
j  org.gradle.launcher.daemon.server.exec.LogAndCheckHealth.execute(Lorg/gradle/launcher/daemon/server/api/DaemonCommandExecution;)V+28
j  org.gradle.launcher.daemon.server.api.DaemonCommandExecution.proceed()Z+23
j  org.gradle.launcher.daemon.server.exec.LogToClient.doBuild(Lorg/gradle/launcher/daemon/server/api/DaemonCommandExecution;Lorg/gradle/launcher/daemon/protocol/Build;)V+87
j  org.gradle.launcher.daemon.server.exec.BuildCommandOnly.execute(Lorg/gradle/launcher/daemon/server/api/DaemonCommandExecution;)V+49
j  org.gradle.launcher.daemon.server.api.DaemonCommandExecution.proceed()Z+23
j  org.gradle.launcher.daemon.server.exec.EstablishBuildEnvironment.doBuild(Lorg/gradle/launcher/daemon/server/api/DaemonCommandExecution;Lorg/gradle/launcher/daemon/protocol/Build;)V+351
j  org.gradle.launcher.daemon.server.exec.BuildCommandOnly.execute(Lorg/gradle/launcher/daemon/server/api/DaemonCommandExecution;)V+49
j  org.gradle.launcher.daemon.server.api.DaemonCommandExecution.proceed()Z+23
j  org.gradle.launcher.daemon.server.exec.StartBuildOrRespondWithBusy$1.run()V+44
j  org.gradle.launcher.daemon.server.DaemonStateCoordinator$1.run()V+4
j  org.gradle.internal.concurrent.ExecutorPolicy$CatchAndRecordFailures.onExecute(Ljava/lang/Runnable;)V+1
j  org.gradle.internal.concurrent.ManagedExecutorImpl$1.run()V+25
j  java.util.concurrent.ThreadPoolExecutor.runWorker(Ljava/util/concurrent/ThreadPoolExecutor$Worker;)V+95
j  java.util.concurrent.ThreadPoolExecutor$Worker.run()V+5
j  org.gradle.internal.concurrent.ThreadFactoryImpl$ManagedThreadRunnable.run()V+7
j  java.lang.Thread.run()V+11
v  ~StubRoutines::call_stub

---------------  P R O C E S S  ---------------

Java Threads: ( => current thread )
  0x000000001a166800 JavaThread "Cache worker for Build Output Cleanup Cache (C:\Users\PC\AndroidStudioProjects\Contacts\.gradle\buildOutputCleanup)" [_thread_blocked, id=3948, stack(0x0000000027b60000,0x0000000027c60000)]
  0x000000001a168800 JavaThread "jar transforms Thread 92" [_thread_blocked, id=3376, stack(0x0000000027860000,0x0000000027960000)]
  0x000000001a15c800 JavaThread "jar transforms Thread 91" [_thread_blocked, id=6692, stack(0x0000000027760000,0x0000000027860000)]
  0x000000001a161000 JavaThread "jar transforms Thread 90" [_thread_blocked, id=6192, stack(0x0000000027660000,0x0000000027760000)]
  0x000000001a15f000 JavaThread "jar transforms Thread 89" [_thread_blocked, id=7100, stack(0x0000000027560000,0x0000000027660000)]
  0x000000001a15c000 JavaThread "jar transforms Thread 88" [_thread_blocked, id=6248, stack(0x0000000027460000,0x0000000027560000)]
  0x000000001a167000 JavaThread "jar transforms Thread 87" [_thread_blocked, id=5200, stack(0x0000000027360000,0x0000000027460000)]
  0x000000001a168000 JavaThread "jar transforms Thread 86" [_thread_blocked, id=4000, stack(0x0000000027260000,0x0000000027360000)]
  0x000000001a162800 JavaThread "jar transforms Thread 85" [_thread_blocked, id=732, stack(0x0000000027160000,0x0000000027260000)]
  0x000000001a15a800 JavaThread "jar transforms Thread 84" [_thread_blocked, id=1152, stack(0x0000000027060000,0x0000000027160000)]
  0x000000001a165000 JavaThread "jar transforms Thread 83" [_thread_blocked, id=3772, stack(0x0000000026f60000,0x0000000027060000)]
  0x000000001a162000 JavaThread "jar transforms Thread 82" [_thread_blocked, id=6412, stack(0x0000000026e60000,0x0000000026f60000)]
  0x000000001a163800 JavaThread "jar transforms Thread 81" [_thread_blocked, id=276, stack(0x0000000026d60000,0x0000000026e60000)]
  0x000000001a15d800 JavaThread "jar transforms Thread 80" [_thread_blocked, id=6776, stack(0x0000000026c60000,0x0000000026d60000)]
  0x000000001a15b000 JavaThread "jar transforms Thread 79" [_thread_blocked, id=2236, stack(0x0000000026b60000,0x0000000026c60000)]
  0x000000001a15f800 JavaThread "jar transforms Thread 78" [_thread_blocked, id=5920, stack(0x0000000026a60000,0x0000000026b60000)]
  0x000000001957e800 JavaThread "jar transforms Thread 77" [_thread_blocked, id=7000, stack(0x0000000026960000,0x0000000026a60000)]
  0x000000001957e000 JavaThread "jar transforms Thread 76" [_thread_blocked, id=5876, stack(0x0000000026860000,0x0000000026960000)]
  0x000000001957b000 JavaThread "jar transforms Thread 75" [_thread_blocked, id=5268, stack(0x0000000026760000,0x0000000026860000)]
  0x000000001957a000 JavaThread "jar transforms Thread 74" [_thread_blocked, id=2428, stack(0x0000000026660000,0x0000000026760000)]
  0x000000001957b800 JavaThread "jar transforms Thread 73" [_thread_blocked, id=5980, stack(0x0000000026560000,0x0000000026660000)]
  0x0000000019578800 JavaThread "jar transforms Thread 72" [_thread_blocked, id=3416, stack(0x0000000026460000,0x0000000026560000)]
  0x0000000019579800 JavaThread "jar transforms Thread 71" [_thread_blocked, id=6408, stack(0x0000000026360000,0x0000000026460000)]
  0x000000001957f800 JavaThread "jar transforms Thread 70" [_thread_blocked, id=56, stack(0x0000000026260000,0x0000000026360000)]
  0x000000001957d000 JavaThread "jar transforms Thread 69" [_thread_blocked, id=1076, stack(0x0000000026160000,0x0000000026260000)]
  0x000000001957c800 JavaThread "jar transforms Thread 68" [_thread_blocked, id=4420, stack(0x0000000026060000,0x0000000026160000)]
  0x000000001d2e5800 JavaThread "jar transforms Thread 67" [_thread_blocked, id=3176, stack(0x0000000025f60000,0x0000000026060000)]
  0x000000001d2e5000 JavaThread "jar transforms Thread 66" [_thread_blocked, id=6768, stack(0x0000000025e60000,0x0000000025f60000)]
  0x000000001d2e4000 JavaThread "jar transforms Thread 65" [_thread_blocked, id=2492, stack(0x0000000025d60000,0x0000000025e60000)]
  0x000000001d2e6800 JavaThread "jar transforms Thread 64" [_thread_blocked, id=4424, stack(0x0000000025c60000,0x0000000025d60000)]
  0x000000001d2e3800 JavaThread "jar transforms Thread 63" [_thread_blocked, id=3684, stack(0x0000000025b60000,0x0000000025c60000)]
  0x000000001d2e8000 JavaThread "jar transforms Thread 62" [_thread_blocked, id=3904, stack(0x0000000025a60000,0x0000000025b60000)]
  0x000000001d2e7000 JavaThread "jar transforms Thread 61" [_thread_blocked, id=3436, stack(0x0000000025960000,0x0000000025a60000)]
  0x000000001d2e2800 JavaThread "jar transforms Thread 60" [_thread_blocked, id=6084, stack(0x0000000025860000,0x0000000025960000)]
  0x000000001d2e2000 JavaThread "jar transforms Thread 59" [_thread_blocked, id=5864, stack(0x0000000025760000,0x0000000025860000)]
  0x000000001d2e1000 JavaThread "jar transforms Thread 58" [_thread_blocked, id=480, stack(0x0000000025660000,0x0000000025760000)]
  0x000000001b2bd800 JavaThread "jar transforms Thread 57" [_thread_blocked, id=6872, stack(0x0000000025560000,0x0000000025660000)]
  0x000000001b2bd000 JavaThread "jar transforms Thread 56" [_thread_blocked, id=6304, stack(0x0000000025460000,0x0000000025560000)]
  0x000000001b2c0000 JavaThread "jar transforms Thread 55" [_thread_blocked, id=6896, stack(0x0000000025360000,0x0000000025460000)]
  0x000000001b2c3000 JavaThread "jar transforms Thread 54" [_thread_blocked, id=6572, stack(0x0000000025260000,0x0000000025360000)]
  0x000000001b2bf000 JavaThread "jar transforms Thread 53" [_thread_blocked, id=5868, stack(0x0000000025160000,0x0000000025260000)]
  0x000000001b2c0800 JavaThread "jar transforms Thread 52" [_thread_blocked, id=1524, stack(0x0000000025060000,0x0000000025160000)]
  0x000000001b2c2000 JavaThread "jar transforms Thread 51" [_thread_blocked, id=5440, stack(0x0000000024f60000,0x0000000025060000)]
  0x000000001b2bc000 JavaThread "jar transforms Thread 50" [_thread_blocked, id=2308, stack(0x0000000024e60000,0x0000000024f60000)]
  0x000000001b2be800 JavaThread "jar transforms Thread 49" [_thread_blocked, id=6512, stack(0x0000000024d60000,0x0000000024e60000)]
  0x000000001b2c1800 JavaThread "jar transforms Thread 48" [_thread_blocked, id=6516, stack(0x0000000024c60000,0x0000000024d60000)]
  0x0000000019963000 JavaThread "jar transforms Thread 47" [_thread_blocked, id=2768, stack(0x0000000024b60000,0x0000000024c60000)]
  0x000000001995f800 JavaThread "jar transforms Thread 46" [_thread_blocked, id=5740, stack(0x0000000024a60000,0x0000000024b60000)]
  0x000000001995e800 JavaThread "jar transforms Thread 45" [_thread_blocked, id=3256, stack(0x0000000024960000,0x0000000024a60000)]
  0x000000001995e000 JavaThread "jar transforms Thread 44" [_thread_blocked, id=6376, stack(0x0000000024860000,0x0000000024960000)]
  0x0000000019960000 JavaThread "jar transforms Thread 43" [_thread_blocked, id=6888, stack(0x0000000024760000,0x0000000024860000)]
  0x0000000019962800 JavaThread "jar transforms Thread 42" [_thread_blocked, id=7020, stack(0x0000000024660000,0x0000000024760000)]
  0x000000001995d000 JavaThread "jar transforms Thread 41" [_thread_blocked, id=6396, stack(0x0000000024560000,0x0000000024660000)]
  0x000000001995c800 JavaThread "jar transforms Thread 40" [_thread_blocked, id=3616, stack(0x0000000024460000,0x0000000024560000)]
  0x0000000019961800 JavaThread "jar transforms Thread 39" [_thread_blocked, id=2012, stack(0x0000000024360000,0x0000000024460000)]
  0x0000000019961000 JavaThread "jar transforms Thread 38" [_thread_blocked, id=5936, stack(0x0000000024260000,0x0000000024360000)]
  0x0000000020279000 JavaThread "jar transforms Thread 37" [_thread_blocked, id=4128, stack(0x0000000024160000,0x0000000024260000)]
  0x000000002027f000 JavaThread "jar transforms Thread 36" [_thread_blocked, id=3488, stack(0x0000000024060000,0x0000000024160000)]
  0x000000002027e000 JavaThread "jar transforms Thread 35" [_thread_blocked, id=6976, stack(0x0000000023f60000,0x0000000024060000)]
  0x0000000020279800 JavaThread "jar transforms Thread 34" [_thread_blocked, id=4312, stack(0x0000000023e60000,0x0000000023f60000)]
  0x000000002027c800 JavaThread "jar transforms Thread 33" [_thread_blocked, id=1984, stack(0x0000000023d60000,0x0000000023e60000)]
  0x000000002027b000 JavaThread "jar transforms Thread 32" [_thread_blocked, id=1128, stack(0x0000000023c60000,0x0000000023d60000)]
  0x000000002027d800 JavaThread "jar transforms Thread 31" [_thread_blocked, id=3208, stack(0x0000000023b60000,0x0000000023c60000)]
  0x000000002027a800 JavaThread "jar transforms Thread 30" [_thread_blocked, id=5204, stack(0x0000000023a60000,0x0000000023b60000)]
  0x0000000020278000 JavaThread "jar transforms Thread 29" [_thread_blocked, id=5724, stack(0x0000000023960000,0x0000000023a60000)]
  0x000000002027c000 JavaThread "jar transforms Thread 28" [_thread_blocked, id=1528, stack(0x0000000023860000,0x0000000023960000)]
  0x00000000194a6800 JavaThread "jar transforms Thread 27" [_thread_blocked, id=3540, stack(0x0000000023760000,0x0000000023860000)]
  0x00000000194a5800 JavaThread "jar transforms Thread 26" [_thread_blocked, id=2872, stack(0x0000000023660000,0x0000000023760000)]
  0x00000000194a5000 JavaThread "jar transforms Thread 25" [_thread_blocked, id=692, stack(0x0000000023560000,0x0000000023660000)]
  0x00000000194a1000 JavaThread "jar transforms Thread 24" [_thread_blocked, id=3020, stack(0x0000000023460000,0x0000000023560000)]
  0x00000000194a4000 JavaThread "jar transforms Thread 23" [_thread_blocked, id=808, stack(0x0000000023360000,0x0000000023460000)]
  0x00000000194a3800 JavaThread "jar transforms Thread 22" [_thread_blocked, id=6632, stack(0x0000000023260000,0x0000000023360000)]
  0x00000000194a8000 JavaThread "jar transforms Thread 21" [_thread_blocked, id=5608, stack(0x0000000023160000,0x0000000023260000)]
  0x00000000194a7000 JavaThread "jar transforms Thread 20" [_thread_blocked, id=4604, stack(0x0000000023060000,0x0000000023160000)]
  0x00000000194a2000 JavaThread "jar transforms Thread 19" [_thread_blocked, id=2392, stack(0x0000000022f60000,0x0000000023060000)]
  0x00000000194a2800 JavaThread "jar transforms Thread 18" [_thread_blocked, id=4188, stack(0x0000000022e60000,0x0000000022f60000)]
  0x00000000195fc000 JavaThread "jar transforms Thread 17" [_thread_blocked, id=4224, stack(0x0000000022d60000,0x0000000022e60000)]
  0x00000000195fb800 JavaThread "jar transforms Thread 16" [_thread_blocked, id=1952, stack(0x0000000022c60000,0x0000000022d60000)]
  0x00000000195fa800 JavaThread "jar transforms Thread 15" [_thread_blocked, id=6648, stack(0x0000000022b60000,0x0000000022c60000)]
  0x0000000019601800 JavaThread "jar transforms Thread 14" [_thread_blocked, id=6112, stack(0x0000000022a60000,0x0000000022b60000)]
  0x0000000019601000 JavaThread "jar transforms Thread 13" [_thread_blocked, id=6580, stack(0x0000000022960000,0x0000000022a60000)]
  0x0000000019600000 JavaThread "jar transforms Thread 12" [_thread_blocked, id=4228, stack(0x0000000022860000,0x0000000022960000)]
  0x00000000195fd000 JavaThread "jar transforms Thread 11" [_thread_blocked, id=4092, stack(0x0000000022760000,0x0000000022860000)]
  0x00000000195fe800 JavaThread "jar transforms Thread 10" [_thread_blocked, id=4416, stack(0x0000000022660000,0x0000000022760000)]
  0x00000000195fe000 JavaThread "jar transforms Thread 9" [_thread_blocked, id=1184, stack(0x0000000022560000,0x0000000022660000)]
  0x00000000195ff800 JavaThread "jar transforms Thread 8" [_thread_blocked, id=6732, stack(0x0000000022460000,0x0000000022560000)]
  0x000000001e6dd800 JavaThread "jar transforms Thread 7" [_thread_blocked, id=7136, stack(0x0000000022360000,0x0000000022460000)]
  0x000000001e6e0800 JavaThread "jar transforms Thread 6" [_thread_blocked, id=5584, stack(0x0000000022260000,0x0000000022360000)]
  0x000000001e6de800 JavaThread "jar transforms Thread 5" [_thread_blocked, id=816, stack(0x0000000022160000,0x0000000022260000)]
  0x000000001e6e0000 JavaThread "jar transforms Thread 4" [_thread_blocked, id=2796, stack(0x0000000022060000,0x0000000022160000)]
  0x000000001e6df000 JavaThread "jar transforms Thread 3" [_thread_blocked, id=7044, stack(0x0000000021ab0000,0x0000000021bb0000)]
  0x000000001a010800 JavaThread "jar transforms Thread 2" [_thread_blocked, id=6380, stack(0x0000000021770000,0x0000000021870000)]
  0x000000001a017000 JavaThread "Build operations Thread 4" [_thread_blocked, id=7152, stack(0x0000000021f60000,0x0000000022060000)]
  0x000000001a015000 JavaThread "Build operations Thread 3" [_thread_blocked, id=1052, stack(0x0000000021e60000,0x0000000021f60000)]
  0x000000001a013800 JavaThread "Build operations Thread 2" [_thread_blocked, id=2620, stack(0x0000000021d60000,0x0000000021e60000)]
  0x000000001a016800 JavaThread "Build operations" [_thread_blocked, id=6240, stack(0x0000000021c60000,0x0000000021d60000)]
  0x0000000019a1a000 JavaThread "Cache worker for file content cache (C:\Users\PC\.gradle\caches\6.5\fileContent)" [_thread_blocked, id=6736, stack(0x0000000021270000,0x0000000021370000)]
  0x0000000019a16000 JavaThread "jar transforms" [_thread_blocked, id=5912, stack(0x0000000021170000,0x0000000021270000)]
  0x0000000019a19000 JavaThread "Cache worker for execution history cache (C:\Users\PC\.gradle\caches\6.5\executionHistory)" [_thread_blocked, id=4372, stack(0x000000001f6c0000,0x000000001f7c0000)]
  0x0000000019a1a800 JavaThread "Cache worker for cache directory md-rule (C:\Users\PC\.gradle\caches\6.5\md-rule)" [_thread_blocked, id=4840, stack(0x000000001f210000,0x000000001f310000)]
  0x0000000019a18800 JavaThread "Cache worker for cache directory md-supplier (C:\Users\PC\.gradle\caches\6.5\md-supplier)" [_thread_blocked, id=4984, stack(0x000000001f110000,0x000000001f210000)]
  0x0000000019a17800 JavaThread "Cache worker for checksums cache (C:\Users\PC\AndroidStudioProjects\Contacts\.gradle\checksums)" [_thread_blocked, id=5620, stack(0x0000000020a70000,0x0000000020b70000)]
  0x0000000019a1b800 JavaThread "Cache worker for file hash cache (C:\Users\PC\AndroidStudioProjects\Contacts\.gradle\6.5\fileHashes)" [_thread_blocked, id=4472, stack(0x000000001f3c0000,0x000000001f4c0000)]
  0x0000000019a17000 JavaThread "Cache worker for file hash cache (C:\Users\PC\.gradle\caches\6.5\fileHashes)" [_thread_blocked, id=6172, stack(0x000000001ce70000,0x000000001cf70000)]
  0x00000000194c6000 JavaThread "File lock request listener" [_thread_in_native, id=6988, stack(0x000000001cd70000,0x000000001ce70000)]
  0x00000000194c5000 JavaThread "Cache worker for journal cache (C:\Users\PC\.gradle\caches\journal-1)" [_thread_blocked, id=6996, stack(0x000000001cc70000,0x000000001cd70000)]
  0x0000000018af5000 JavaThread "Thread-9" [_thread_blocked, id=4468, stack(0x000000001c870000,0x000000001c970000)]
  0x0000000018a2d800 JavaThread "Stdin handler" [_thread_blocked, id=6348, stack(0x000000001c770000,0x000000001c870000)]
  0x0000000018a2d000 JavaThread "Asynchronous log dispatcher for DefaultDaemonConnection: socket connection from /127.0.0.1:61880 to /127.0.0.1:61881" [_thread_blocked, id=6052, stack(0x000000001c670000,0x000000001c770000)]
=>0x0000000019abd000 JavaThread "Daemon worker" [_thread_in_vm, id=3572, stack(0x000000001c570000,0x000000001c670000)]
  0x0000000019abc000 JavaThread "Cancel handler" [_thread_blocked, id=6224, stack(0x000000001c470000,0x000000001c570000)]
  0x0000000019c69800 JavaThread "Handler for socket connection from /127.0.0.1:61880 to /127.0.0.1:61881" [_thread_in_native, id=2820, stack(0x000000001c370000,0x000000001c470000)]
  0x0000000018913800 JavaThread "Daemon" [_thread_blocked, id=3612, stack(0x000000001c270000,0x000000001c370000)]
  0x000000001951d800 JavaThread "Daemon periodic checks" [_thread_blocked, id=408, stack(0x000000001bf70000,0x000000001c070000)]
  0x0000000019ae8000 JavaThread "Incoming local TCP Connector on port 61880" [_thread_in_native, id=7160, stack(0x000000001bad0000,0x000000001bbd0000)]
  0x0000000019fef800 JavaThread "Daemon health stats" [_thread_blocked, id=6856, stack(0x000000001b6d0000,0x000000001b7d0000)]
  0x000000001875b800 JavaThread "Service Thread" daemon [_thread_blocked, id=2844, stack(0x0000000018b30000,0x0000000018c30000)]
  0x0000000016dc8000 JavaThread "C1 CompilerThread2" daemon [_thread_blocked, id=6016, stack(0x0000000018630000,0x0000000018730000)]
  0x0000000016dc4000 JavaThread "C2 CompilerThread1" daemon [_thread_in_native, id=1704, stack(0x0000000018530000,0x0000000018630000)]
  0x0000000016db2800 JavaThread "C2 CompilerThread0" daemon [_thread_in_native, id=4972, stack(0x0000000018430000,0x0000000018530000)]
  0x0000000016db1800 JavaThread "Attach Listener" daemon [_thread_blocked, id=4060, stack(0x0000000018330000,0x0000000018430000)]
  0x0000000016db5800 JavaThread "Signal Dispatcher" daemon [_thread_blocked, id=6796, stack(0x0000000018230000,0x0000000018330000)]
  0x000000000218c000 JavaThread "Finalizer" daemon [_thread_blocked, id=5160, stack(0x0000000018030000,0x0000000018130000)]
  0x0000000002180800 JavaThread "Reference Handler" daemon [_thread_blocked, id=6688, stack(0x0000000017f30000,0x0000000018030000)]
  0x0000000002092800 JavaThread "main" [_thread_blocked, id=5228, stack(0x0000000001cb0000,0x0000000001db0000)]

Other Threads:
  0x0000000016d76800 VMThread [stack: 0x0000000017e30000,0x0000000017f30000] [id=6528]
  0x000000001877d000 WatcherThread [stack: 0x0000000018c30000,0x0000000018d30000] [id=6448]

VM state:not at safepoint (normal execution)

VM Mutex/Monitor currently owned by a thread: None

heap address: 0x0000000080000000, size: 2048 MB, Compressed Oops mode: 32-bit
Narrow klass base: 0x0000000000000000, Narrow klass shift: 3
Compressed class space size: 1073741824 Address: 0x0000000100000000

Heap:
 PSYoungGen      total 210944K, used 112409K [0x00000000d5580000, 0x00000000e3d80000, 0x0000000100000000)
  eden space 197632K, 50% used [0x00000000d5580000,0x00000000db64d488,0x00000000e1680000)
  from space 13312K, 99% used [0x00000000e1680000,0x00000000e23791b8,0x00000000e2380000)
  to   space 13312K, 0% used [0x00000000e2380000,0x00000000e2380000,0x00000000e3080000)
 ParOldGen       total 59392K, used 18131K [0x0000000080000000, 0x0000000083a00000, 0x00000000d5580000)
  object space 59392K, 30% used [0x0000000080000000,0x00000000811b4e38,0x0000000083a00000)
 Metaspace       used 54089K, capacity 56296K, committed 56408K, reserved 1097728K
  class space    used 7344K, capacity 7782K, committed 7808K, reserved 1048576K

Card table byte_map: [0x0000000011550000,0x0000000011960000] byte_map_base: 0x0000000011150000

Marking Bits: (ParMarkBitMap*) 0x000000005c03f030
 Begin Bits: [0x0000000012010000, 0x0000000014010000)
 End Bits:   [0x0000000014010000, 0x0000000016010000)

Polling page: 0x0000000001bc0000

CodeCache: size=245760Kb used=15629Kb max_used=15629Kb free=230130Kb
 bounds [0x0000000002190000, 0x00000000030f0000, 0x0000000011190000]
 total_blobs=5266 nmethods=4500 adapters=678
 compilation: enabled

Compilation events (10 events):
Event: 47.412 Thread 0x0000000016dc8000 nmethod 4920 0x00000000030e0410 code [0x00000000030e0580, 0x00000000030e07a8]
Event: 47.412 Thread 0x0000000016dc8000 4921       3       com.google.common.collect.ImmutableSet$Builder::add (51 bytes)
Event: 47.413 Thread 0x0000000016dc8000 nmethod 4921 0x00000000030dfd90 code [0x00000000030dff20, 0x00000000030e0298]
Event: 47.413 Thread 0x0000000016dc8000 4923       3       com.android.build.api.artifact.impl.SinglePropertyAdapter::get (8 bytes)
Event: 47.413 Thread 0x0000000016dc8000 nmethod 4923 0x0000000002423650 code [0x00000000024237a0, 0x00000000024238f0]
Event: 47.413 Thread 0x0000000016dc8000 4924       3       org.gradle.internal.ImmutableActionSet::fromActions (63 bytes)
Event: 47.416 Thread 0x0000000016dc8000 nmethod 4924 0x00000000030de690 code [0x00000000030de8e0, 0x00000000030df868]
Event: 47.416 Thread 0x0000000016dc8000 4922       1       org.gradle.api.internal.collections.AbstractIterationOrderRetainingElementSource::getInserted (5 bytes)
Event: 47.416 Thread 0x0000000016dc8000 nmethod 4922 0x00000000030de3d0 code [0x00000000030de520, 0x00000000030de630]
Event: 47.471 Thread 0x0000000016dc4000 4925       4       java.lang.invoke.MethodType::makeImpl (66 bytes)

GC Heap History (10 events):
Event: 11.178 GC heap before
{Heap before GC invocations=7 (full 1):
 PSYoungGen      total 139776K, used 6432K [0x00000000d5580000, 0x00000000de880000, 0x0000000100000000)
  eden space 130560K, 0% used [0x00000000d5580000,0x00000000d5580000,0x00000000dd500000)
  from space 9216K, 69% used [0x00000000dde80000,0x00000000de4c8200,0x00000000de780000)
  to   space 9728K, 0% used [0x00000000dd500000,0x00000000dd500000,0x00000000dde80000)
 ParOldGen       total 44032K, used 11298K [0x0000000080000000, 0x0000000082b00000, 0x00000000d5580000)
  object space 44032K, 25% used [0x0000000080000000,0x0000000080b08a80,0x0000000082b00000)
 Metaspace       used 20488K, capacity 21204K, committed 21248K, reserved 1067008K
  class space    used 2858K, capacity 3048K, committed 3072K, reserved 1048576K
Event: 11.332 GC heap after
Heap after GC invocations=7 (full 1):
 PSYoungGen      total 139776K, used 0K [0x00000000d5580000, 0x00000000de880000, 0x0000000100000000)
  eden space 130560K, 0% used [0x00000000d5580000,0x00000000d5580000,0x00000000dd500000)
  from space 9216K, 0% used [0x00000000dde80000,0x00000000dde80000,0x00000000de780000)
  to   space 9728K, 0% used [0x00000000dd500000,0x00000000dd500000,0x00000000dde80000)
 ParOldGen       total 39936K, used 9268K [0x0000000080000000, 0x0000000082700000, 0x00000000d5580000)
  object space 39936K, 23% used [0x0000000080000000,0x000000008090d3f8,0x0000000082700000)
 Metaspace       used 20488K, capacity 21204K, committed 21248K, reserved 1067008K
  class space    used 2858K, capacity 3048K, committed 3072K, reserved 1048576K
}
Event: 15.346 GC heap before
{Heap before GC invocations=8 (full 1):
 PSYoungGen      total 139776K, used 130560K [0x00000000d5580000, 0x00000000de880000, 0x0000000100000000)
  eden space 130560K, 100% used [0x00000000d5580000,0x00000000dd500000,0x00000000dd500000)
  from space 9216K, 0% used [0x00000000dde80000,0x00000000dde80000,0x00000000de780000)
  to   space 9728K, 0% used [0x00000000dd500000,0x00000000dd500000,0x00000000dde80000)
 ParOldGen       total 39936K, used 9268K [0x0000000080000000, 0x0000000082700000, 0x00000000d5580000)
  object space 39936K, 23% used [0x0000000080000000,0x000000008090d3f8,0x0000000082700000)
 Metaspace       used 32719K, capacity 33776K, committed 33920K, reserved 1079296K
  class space    used 4461K, capacity 4722K, committed 4736K, reserved 1048576K
Event: 15.386 GC heap after
Heap after GC invocations=8 (full 1):
 PSYoungGen      total 140288K, used 9723K [0x00000000d5580000, 0x00000000e3080000, 0x0000000100000000)
  eden space 130560K, 0% used [0x00000000d5580000,0x00000000d5580000,0x00000000dd500000)
  from space 9728K, 99% used [0x00000000dd500000,0x00000000dde7eeb0,0x00000000dde80000)
  to   space 13312K, 0% used [0x00000000e2380000,0x00000000e2380000,0x00000000e3080000)
 ParOldGen       total 39936K, used 13549K [0x0000000080000000, 0x0000000082700000, 0x00000000d5580000)
  object space 39936K, 33% used [0x0000000080000000,0x0000000080d3b530,0x0000000082700000)
 Metaspace       used 32719K, capacity 33776K, committed 33920K, reserved 1079296K
  class space    used 4461K, capacity 4722K, committed 4736K, reserved 1048576K
}
Event: 16.187 GC heap before
{Heap before GC invocations=9 (full 1):
 PSYoungGen      total 140288K, used 41639K [0x00000000d5580000, 0x00000000e3080000, 0x0000000100000000)
  eden space 130560K, 24% used [0x00000000d5580000,0x00000000d74aaf98,0x00000000dd500000)
  from space 9728K, 99% used [0x00000000dd500000,0x00000000dde7eeb0,0x00000000dde80000)
  to   space 13312K, 0% used [0x00000000e2380000,0x00000000e2380000,0x00000000e3080000)
 ParOldGen       total 39936K, used 13549K [0x0000000080000000, 0x0000000082700000, 0x00000000d5580000)
  object space 39936K, 33% used [0x0000000080000000,0x0000000080d3b530,0x0000000082700000)
 Metaspace       used 34214K, capacity 35392K, committed 35416K, reserved 1079296K
  class space    used 4704K, capacity 4973K, committed 4992K, reserved 1048576K
Event: 16.224 GC heap after
Heap after GC invocations=9 (full 1):
 PSYoungGen      total 210944K, used 8028K [0x00000000d5580000, 0x00000000e3d80000, 0x0000000100000000)
  eden space 197632K, 0% used [0x00000000d5580000,0x00000000d5580000,0x00000000e1680000)
  from space 13312K, 60% used [0x00000000e2380000,0x00000000e2b573d0,0x00000000e3080000)
  to   space 13312K, 0% used [0x00000000e1680000,0x00000000e1680000,0x00000000e2380000)
 ParOldGen       total 39936K, used 13557K [0x0000000080000000, 0x0000000082700000, 0x00000000d5580000)
  object space 39936K, 33% used [0x0000000080000000,0x0000000080d3d530,0x0000000082700000)
 Metaspace       used 34214K, capacity 35392K, committed 35416K, reserved 1079296K
  class space    used 4704K, capacity 4973K, committed 4992K, reserved 1048576K
}
Event: 16.225 GC heap before
{Heap before GC invocations=10 (full 2):
 PSYoungGen      total 210944K, used 8028K [0x00000000d5580000, 0x00000000e3d80000, 0x0000000100000000)
  eden space 197632K, 0% used [0x00000000d5580000,0x00000000d5580000,0x00000000e1680000)
  from space 13312K, 60% used [0x00000000e2380000,0x00000000e2b573d0,0x00000000e3080000)
  to   space 13312K, 0% used [0x00000000e1680000,0x00000000e1680000,0x00000000e2380000)
 ParOldGen       total 39936K, used 13557K [0x0000000080000000, 0x0000000082700000, 0x00000000d5580000)
  object space 39936K, 33% used [0x0000000080000000,0x0000000080d3d530,0x0000000082700000)
 Metaspace       used 34214K, capacity 35392K, committed 35416K, reserved 1079296K
  class space    used 4704K, capacity 4973K, committed 4992K, reserved 1048576K
Event: 16.448 GC heap after
Heap after GC invocations=10 (full 2):
 PSYoungGen      total 210944K, used 0K [0x00000000d5580000, 0x00000000e3d80000, 0x0000000100000000)
  eden space 197632K, 0% used [0x00000000d5580000,0x00000000d5580000,0x00000000e1680000)
  from space 13312K, 0% used [0x00000000e2380000,0x00000000e2380000,0x00000000e3080000)
  to   space 13312K, 0% used [0x00000000e1680000,0x00000000e1680000,0x00000000e2380000)
 ParOldGen       total 59392K, used 14521K [0x0000000080000000, 0x0000000083a00000, 0x00000000d5580000)
  object space 59392K, 24% used [0x0000000080000000,0x0000000080e2e4a0,0x0000000083a00000)
 Metaspace       used 34214K, capacity 35392K, committed 35416K, reserved 1079296K
  class space    used 4704K, capacity 4973K, committed 4992K, reserved 1048576K
}
Event: 30.418 GC heap before
{Heap before GC invocations=11 (full 2):
 PSYoungGen      total 210944K, used 197632K [0x00000000d5580000, 0x00000000e3d80000, 0x0000000100000000)
  eden space 197632K, 100% used [0x00000000d5580000,0x00000000e1680000,0x00000000e1680000)
  from space 13312K, 0% used [0x00000000e2380000,0x00000000e2380000,0x00000000e3080000)
  to   space 13312K, 0% used [0x00000000e1680000,0x00000000e1680000,0x00000000e2380000)
 ParOldGen       total 59392K, used 14521K [0x0000000080000000, 0x0000000083a00000, 0x00000000d5580000)
  object space 59392K, 24% used [0x0000000080000000,0x0000000080e2e4a0,0x0000000083a00000)
 Metaspace       used 45538K, capacity 47360K, committed 47448K, reserved 1089536K
  class space    used 6156K, capacity 6512K, committed 6528K, reserved 1048576K
Event: 30.478 GC heap after
Heap after GC invocations=11 (full 2):
 PSYoungGen      total 210944K, used 13284K [0x00000000d5580000, 0x00000000e3d80000, 0x0000000100000000)
  eden space 197632K, 0% used [0x00000000d5580000,0x00000000d5580000,0x00000000e1680000)
  from space 13312K, 99% used [0x00000000e1680000,0x00000000e23791b8,0x00000000e2380000)
  to   space 13312K, 0% used [0x00000000e2380000,0x00000000e2380000,0x00000000e3080000)
 ParOldGen       total 59392K, used 18131K [0x0000000080000000, 0x0000000083a00000, 0x00000000d5580000)
  object space 59392K, 30% used [0x0000000080000000,0x00000000811b4e38,0x0000000083a00000)
 Metaspace       used 45538K, capacity 47360K, committed 47448K, reserved 1089536K
  class space    used 6156K, capacity 6512K, committed 6528K, reserved 1048576K
}

Deoptimization events (10 events):
Event: 30.272 Thread 0x0000000019abd000 Uncommon trap: reason=unstable_if action=reinterpret pc=0x0000000002bed33c method=java.security.CodeSource.matchCerts(Ljava/security/CodeSource;Z)Z @ 11
Event: 31.082 Thread 0x0000000019abd000 Uncommon trap: reason=bimorphic action=maybe_recompile pc=0x0000000002cc8d8c method=java.util.regex.Pattern$CharProperty.match(Ljava/util/regex/Matcher;ILjava/lang/CharSequence;)Z @ 18
Event: 31.083 Thread 0x0000000019abd000 Uncommon trap: reason=bimorphic action=maybe_recompile pc=0x0000000002cc8d8c method=java.util.regex.Pattern$CharProperty.match(Ljava/util/regex/Matcher;ILjava/lang/CharSequence;)Z @ 18
Event: 31.083 Thread 0x0000000019abd000 Uncommon trap: reason=bimorphic action=maybe_recompile pc=0x0000000002cc8d8c method=java.util.regex.Pattern$CharProperty.match(Ljava/util/regex/Matcher;ILjava/lang/CharSequence;)Z @ 18
Event: 31.478 Thread 0x0000000019abd000 Uncommon trap: reason=bimorphic action=maybe_recompile pc=0x0000000002cc8d8c method=java.util.regex.Pattern$CharProperty.match(Ljava/util/regex/Matcher;ILjava/lang/CharSequence;)Z @ 18
Event: 34.490 Thread 0x0000000019abd000 Uncommon trap: reason=unstable_if action=reinterpret pc=0x000000000239fbf0 method=org.gradle.internal.reflect.PropertyAccessorType.of(Ljava/lang/reflect/Method;)Lorg/gradle/internal/reflect/PropertyAccessorType; @ 56
Event: 40.383 Thread 0x0000000019abd000 Uncommon trap: reason=unstable_if action=reinterpret pc=0x0000000002f59334 method=com.sun.org.apache.xerces.internal.impl.XMLEntityScanner.checkBeforeLoad(Lcom/sun/xml/internal/stream/Entity$ScannedEntity;II)I @ 18
Event: 40.896 Thread 0x0000000019abd000 Uncommon trap: reason=unstable_if action=reinterpret pc=0x0000000002e4eeb0 method=org.gradle.internal.instantiation.generator.AbstractClassGenerator$InjectionAnnotationValidator.validateMethod(Ljava/lang/reflect/Method;Lorg/gradle/internal/reflect/Propert
Event: 40.896 Thread 0x0000000019abd000 Uncommon trap: reason=unstable_if action=reinterpret pc=0x0000000002e6d800 method=org.gradle.internal.instantiation.generator.AbstractClassGenerator$InjectionAnnotationValidator.validateMethod(Ljava/lang/reflect/Method;Lorg/gradle/internal/reflect/Propert
Event: 41.803 Thread 0x0000000019abd000 Uncommon trap: reason=null_check action=make_not_entrant pc=0x000000000295ed9c method=java.lang.Class.searchMethods([Ljava/lang/reflect/Method;Ljava/lang/String;[Ljava/lang/Class;)Ljava/lang/reflect/Method; @ 59

Classes redefined (0 events):
No events

Internal exceptions (10 events):
Event: 42.203 Thread 0x0000000019abd000 Exception <a 'java/lang/ClassNotFoundException': build_5q056egau4zn8g8dwa974svut$_run_closure1BeanInfo> (0x00000000d98ffe20) thrown at [C:\src\AOSP-openjdk-git\hotspot\src\share\vm\classfile\systemDictionary.cpp, line 210]
Event: 42.204 Thread 0x0000000019abd000 Exception <a 'java/lang/ClassNotFoundException': build_5q056egau4zn8g8dwa974svut$_run_closure1Customizer> (0x00000000d9910b88) thrown at [C:\src\AOSP-openjdk-git\hotspot\src\share\vm\classfile\systemDictionary.cpp, line 210]
Event: 42.219 Thread 0x0000000019abd000 Exception <a 'java/lang/ClassNotFoundException': org/gradle/api/JavaVersionBeanInfo> (0x00000000d997c5b0) thrown at [C:\src\AOSP-openjdk-git\hotspot\src\share\vm\classfile\systemDictionary.cpp, line 210]
Event: 42.220 Thread 0x0000000019abd000 Exception <a 'java/lang/ClassNotFoundException': java/lang/EnumBeanInfo> (0x00000000d9986400) thrown at [C:\src\AOSP-openjdk-git\hotspot\src\share\vm\classfile\systemDictionary.cpp, line 210]
Event: 42.221 Thread 0x0000000019abd000 Exception <a 'java/lang/ClassNotFoundException': java/lang/EnumCustomizer> (0x00000000d99906a8) thrown at [C:\src\AOSP-openjdk-git\hotspot\src\share\vm\classfile\systemDictionary.cpp, line 210]
Event: 42.226 Thread 0x0000000019abd000 Exception <a 'java/lang/ClassNotFoundException': org/gradle/api/JavaVersionCustomizer> (0x00000000d99c5770) thrown at [C:\src\AOSP-openjdk-git\hotspot\src\share\vm\classfile\systemDictionary.cpp, line 210]
Event: 42.235 Thread 0x0000000019abd000 Exception <a 'java/lang/ClassNotFoundException': com/android/build/gradle/internal/CompileOptions_DecoratedBeanInfo> (0x00000000d9a25930) thrown at [C:\src\AOSP-openjdk-git\hotspot\src\share\vm\classfile\systemDictionary.cpp, line 210]
Event: 42.236 Thread 0x0000000019abd000 Exception <a 'java/lang/ClassNotFoundException': com/android/build/gradle/internal/CompileOptionsBeanInfo> (0x00000000d9a40b70) thrown at [C:\src\AOSP-openjdk-git\hotspot\src\share\vm\classfile\systemDictionary.cpp, line 210]
Event: 42.238 Thread 0x0000000019abd000 Exception <a 'java/lang/ClassNotFoundException': com/android/build/gradle/internal/CompileOptionsCustomizer> (0x00000000d9a5bfa8) thrown at [C:\src\AOSP-openjdk-git\hotspot\src\share\vm\classfile\systemDictionary.cpp, line 210]
Event: 42.244 Thread 0x0000000019abd000 Exception <a 'java/lang/ClassNotFoundException': com/android/build/gradle/internal/CompileOptions_DecoratedCustomizer> (0x00000000d9a8cbc8) thrown at [C:\src\AOSP-openjdk-git\hotspot\src\share\vm\classfile\systemDictionary.cpp, line 210]

Events (10 events):
Event: 47.474 loading class com/android/utils/concurrency/ReadWriteThreadLock$Lock
Event: 47.474 loading class com/android/utils/concurrency/ReadWriteThreadLock$Lock done
Event: 47.476 loading class com/android/utils/concurrency/ReadWriteThreadLock$ReadLock
Event: 47.476 loading class com/android/utils/concurrency/ReadWriteThreadLock$ReadLock done
Event: 47.478 loading class com/android/utils/concurrency/ReadWriteThreadLock$WriteLock
Event: 47.478 loading class com/android/utils/concurrency/ReadWriteThreadLock$WriteLock done
Event: 47.479 loading class com/google/common/reflect/TypeToken
Event: 47.479 loading class com/google/common/reflect/TypeToken done
Event: 47.501 loading class com/google/common/reflect/TypeCapture
Event: 47.501 loading class com/google/common/reflect/TypeCapture done


Dynamic libraries:
0x000007f76e040000 - 0x000007f76e071000 	C:\Program Files\Android\Android Studio\jre\bin\java.exe
0x000007ff9f480000 - 0x000007ff9f63d000 	C:\Windows\SYSTEM32\ntdll.dll
0x000007ff9dde0000 - 0x000007ff9df17000 	C:\Windows\system32\KERNEL32.DLL
0x000007ff9c560000 - 0x000007ff9c654000 	C:\Windows\system32\KERNELBASE.dll
0x000007ff9e070000 - 0x000007ff9e14e000 	C:\Windows\system32\ADVAPI32.dll
0x000007ff9f210000 - 0x000007ff9f35c000 	C:\Windows\system32\USER32.dll
0x000007ff9a8f0000 - 0x000007ff9ab5a000 	C:\Windows\WinSxS\amd64_microsoft.windows.common-controls_6595b64144ccf1df_6.0.9200.17359_none_4188b989718cf1c6\COMCTL32.dll
0x000007ff9e5e0000 - 0x000007ff9e685000 	C:\Windows\system32\msvcrt.dll
0x000007ff9e150000 - 0x000007ff9e198000 	C:\Windows\SYSTEM32\sechost.dll
0x000007ff9e490000 - 0x000007ff9e5d5000 	C:\Windows\system32\RPCRT4.dll
0x000007ff9df20000 - 0x000007ff9e061000 	C:\Windows\system32\GDI32.dll
0x000007ff9f400000 - 0x000007ff9f439000 	C:\Windows\system32\IMM32.DLL
0x000007ff9ebf0000 - 0x000007ff9ed06000 	C:\Windows\system32\MSCTF.dll
0x000000005d350000 - 0x000000005d422000 	C:\Program Files\Android\Android Studio\jre\jre\bin\msvcr100.dll
0x000000005b870000 - 0x000000005c0bb000 	C:\Program Files\Android\Android Studio\jre\jre\bin\server\jvm.dll
0x000007ff94980000 - 0x000007ff94989000 	C:\Windows\SYSTEM32\WSOCK32.dll
0x000007ff9a0b0000 - 0x000007ff9a0d0000 	C:\Windows\SYSTEM32\WINMM.dll
0x000007ff981e0000 - 0x000007ff981e9000 	C:\Windows\SYSTEM32\VERSION.dll
0x000007ff9ea60000 - 0x000007ff9ea67000 	C:\Windows\system32\PSAPI.DLL
0x000007ff9f100000 - 0x000007ff9f158000 	C:\Windows\system32\WS2_32.dll
0x000007ff99ea0000 - 0x000007ff99ed3000 	C:\Windows\SYSTEM32\WINMMBASE.dll
0x000007ff9f0f0000 - 0x000007ff9f0f9000 	C:\Windows\system32\NSI.dll
0x000007ff9c460000 - 0x000007ff9c4af000 	C:\Windows\SYSTEM32\cfgmgr32.dll
0x000007ff9c430000 - 0x000007ff9c452000 	C:\Windows\system32\DEVOBJ.dll
0x000007ff9adf0000 - 0x000007ff9adff000 	C:\Program Files\Android\Android Studio\jre\jre\bin\verify.dll
0x000007ff9a480000 - 0x000007ff9a4a9000 	C:\Program Files\Android\Android Studio\jre\jre\bin\java.dll
0x000007ff9a520000 - 0x000007ff9a536000 	C:\Program Files\Android\Android Studio\jre\jre\bin\zip.dll
0x000007ff9c8a0000 - 0x000007ff9db85000 	C:\Windows\system32\SHELL32.dll
0x000007ff9ef40000 - 0x000007ff9f0f0000 	C:\Windows\SYSTEM32\combase.dll
0x000007ff9db90000 - 0x000007ff9dbe0000 	C:\Windows\system32\SHLWAPI.dll
0x000007ff9ad50000 - 0x000007ff9ade6000 	C:\Windows\SYSTEM32\SHCORE.dll
0x000007ff9c360000 - 0x000007ff9c375000 	C:\Windows\SYSTEM32\profapi.dll
0x000007ff9a430000 - 0x000007ff9a44a000 	C:\Program Files\Android\Android Studio\jre\jre\bin\net.dll
0x000007ff9bbb0000 - 0x000007ff9bc0c000 	C:\Windows\system32\mswsock.dll
0x000007ff9a410000 - 0x000007ff9a423000 	C:\Program Files\Android\Android Studio\jre\jre\bin\nio.dll
0x000007ff92930000 - 0x000007ff92957000 	C:\Users\PC\.gradle\native\f6784746aeab05261644944871eae4fe03e0ef1612fff0a4a95f87b438bc6780\windows-amd64\native-platform.dll
0x000007ff9a3f0000 - 0x000007ff9a3fd000 	C:\Program Files\Android\Android Studio\jre\jre\bin\management.dll
0x000007ff9bc10000 - 0x000007ff9bc2a000 	C:\Windows\SYSTEM32\CRYPTSP.dll
0x000007ff9b890000 - 0x000007ff9b8db000 	C:\Windows\system32\rsaenh.dll
0x000007ff9b990000 - 0x000007ff9b9af000 	C:\Windows\SYSTEM32\USERENV.dll
0x000007ff9c1a0000 - 0x000007ff9c1aa000 	C:\Windows\SYSTEM32\CRYPTBASE.dll
0x000007ff9c140000 - 0x000007ff9c19d000 	C:\Windows\SYSTEM32\bcryptPrimitives.dll
0x000007ff97020000 - 0x000007ff9704a000 	C:\Windows\SYSTEM32\IPHLPAPI.DLL
0x000007ff96ff0000 - 0x000007ff96ffa000 	C:\Windows\SYSTEM32\WINNSI.DLL
0x000007ff96b20000 - 0x000007ff96b33000 	C:\Windows\SYSTEM32\dhcpcsvc6.DLL
0x000007ff96b70000 - 0x000007ff96b88000 	C:\Windows\SYSTEM32\dhcpcsvc.DLL

VM Arguments:
jvm_args: -Xmx2048m -Dfile.encoding=UTF-8 -Duser.country=FR -Duser.language=fr -Duser.variant 
java_command: org.gradle.launcher.daemon.bootstrap.GradleDaemon 6.5
java_class_path (initial): C:\Users\PC\.gradle\wrapper\dists\gradle-6.5-bin\6nifqtx7604sqp1q6g8wikw7p\gradle-6.5\lib\gradle-launcher-6.5.jar
Launcher Type: SUN_STANDARD

Environment Variables:
PATH=C:\Program Files (x86)\Common Files\Oracle\Java\javapath;C:\ProgramData\Oracle\Java\javapath;C:\Program Files\Java\jre1.8.0_231\bin;C:\ProgramData\ComposerSetup\bin;C:\Program Files\Git\cmd;C:\wamp64\bin\php\php7.2.18;C:\Users\PC\composer;C:\Users\PC\AppData\Roaming\Composer\vendor\bin;C:\Users\PC\AppData\Local\Programs\Microsoft VS Code\bin
USERNAME=PC
OS=Windows_NT
PROCESSOR_IDENTIFIER=Intel64 Family 6 Model 69 Stepping 1, GenuineIntel



---------------  S Y S T E M  ---------------

OS: Windows 8 , 64 bit Build 9200 (6.2.9200.16859)

CPU:total 4 (initial active 4) (2 cores per cpu, 2 threads per core) family 6 model 69 stepping 1, cmov, cx8, fxsr, mmx, sse, sse2, sse3, ssse3, sse4.1, sse4.2, popcnt, avx, avx2, aes, clmul, erms, lzcnt, ht, tsc, tscinvbit, bmi1, bmi2

Memory: 4k page, physical 4088172k(402224k free), swap 4612460k(4944k free)

vm_info: OpenJDK 64-Bit Server VM (25.242-b01) for windows-amd64 JRE (1.8.0_242-release-1644-b01), built by "builder" with MS VC++ 10.0 (VS2010)

time: Sun Jan 17 14:08:11 2021
timezone: Paris, Madrid
elapsed time: 47 seconds (0d 0h 0m 47s)

